C51 COMPILER V9.52.0.0   ADC                                                               03/18/2019 15:56:22 PAGE 1   


C51 COMPILER V9.52.0.0, COMPILATION OF MODULE ADC
OBJECT MODULE PLACED IN ADC.OBJ
COMPILER INVOKED BY: C:\Keil\C51\BIN\C51.EXE ADC.c BROWSE DEBUG OBJECTEXTEND TABS(2)

line level    source

   1          #include <STC15F2K60S2.H>
   2          #include "ADC.h"
   3          #include "intrins.h"
   4          #define ADC_POWER   0x80            //ADC?????
   5          #define ADC_FLAG    0x10            //ADC????
   6          #define ADC_START   0x08            //ADC?????
   7          #define ADC_SPEEDLL 0x00            //540???
   8          #define ADC_SPEEDL  0x20            //360???
   9          #define ADC_SPEEDH  0x40            //180???
  10          #define ADC_SPEEDHH 0x60            //90???
  11          sbit PM25_LED = P5^4;
  12          void Del0ay(int n)
  13          {
  14   1        int x;
  15   1        while (n--)
  16   1        {
  17   2          x = 5000;
  18   2          while (x--);
  19   2        }
  20   1      }
  21          void Delay280us()   //@20.000MHz
  22          {
  23   1        unsigned char i, j;
  24   1      
  25   1        i = 6;
  26   1        j = 111;
  27   1        do
  28   1        {
  29   2          while (--j);
  30   2        } while (--i);
  31   1      }
  32          void Delay9680us()    //@20.000MHz
  33          {
  34   1        unsigned char i, j, k;
  35   1      
  36   1        _nop_();
  37   1        _nop_();
  38   1        i = 1;
  39   1        j = 189;
  40   1        k = 78;
  41   1        do
  42   1        {
  43   2          do
  44   2          {
  45   3            while (--k);
  46   3          } while (--j);
  47   2        } while (--i);
  48   1      }
  49          void Delay70us()    //@20.000MHz
  50          {
  51   1        unsigned char i, j;
  52   1      
  53   1        i = 2;
  54   1        j = 89;
  55   1        do
C51 COMPILER V9.52.0.0   ADC                                                               03/18/2019 15:56:22 PAGE 2   

  56   1        {
  57   2          while (--j);
  58   2        } while (--i);
  59   1      }
  60          void ADC_Init()
  61          {
  62   1        P1ASF = 0xf0;    
  63   1        ADC_RES = 0;                  
  64   1        ADC_CONTR = ADC_POWER | ADC_SPEEDLL;
  65   1        Del0ay(2);
  66   1      }
  67          unsigned char GetADCResult(unsigned char ch)
  68          {
  69   1        ADC_CONTR = ADC_POWER | ADC_SPEEDLL | ch | ADC_START;
  70   1        _nop_();                     
  71   1        _nop_();
  72   1        _nop_();
  73   1        _nop_();
  74   1        while (!(ADC_CONTR & ADC_FLAG));
  75   1        ADC_CONTR &= ~ADC_FLAG;         
  76   1        return ADC_RES;                 
  77   1      }
  78          unsigned char GatValue_PM25()
  79          {
  80   1        unsigned char Value;
  81   1        PM25_LED = 0;
  82   1        Delay280us();
  83   1        Value = GetADCResult(4);
  84   1        Delay70us();
  85   1        PM25_LED = 1;
  86   1        Delay9680us();
  87   1        return Value;
  88   1      }
  89          unsigned char GatValue_MQ7()
  90          {
  91   1        return GetADCResult(5);
  92   1      }
  93          unsigned char GatValue_MQ135()
  94          {
  95   1        return GetADCResult(6);
  96   1      }


MODULE INFORMATION:   STATIC OVERLAYABLE
   CODE SIZE        =    130    ----
   CONSTANT SIZE    =   ----    ----
   XDATA SIZE       =   ----    ----
   PDATA SIZE       =   ----    ----
   DATA SIZE        =   ----    ----
   IDATA SIZE       =   ----    ----
   BIT SIZE         =   ----    ----
END OF MODULE INFORMATION.


C51 COMPILATION COMPLETE.  0 WARNING(S),  0 ERROR(S)
